{
  "stats": {
    "suites": 1,
    "tests": 1,
    "passes": 1,
    "pending": 0,
    "failures": 0,
    "start": "2024-02-07T21:12:12.789Z",
    "end": "2024-02-07T21:12:18.839Z",
    "duration": 6050,
    "testsRegistered": 1,
    "passPercent": 100,
    "pendingPercent": 0,
    "other": 0,
    "hasOther": false,
    "skipped": 0,
    "hasSkipped": false
  },
  "results": [
    {
      "uuid": "50c10a92-ecc6-44d6-8587-a6857a6f9582",
      "title": "",
      "fullFile": "C:\\Users\\Usuario\\OneDrive\\Escritorio\\ing-sw-3-final\\ingsw3-final\\frontend\\navigation_test.js",
      "file": "\\navigation_test.js",
      "beforeHooks": [],
      "afterHooks": [],
      "tests": [],
      "suites": [
        {
          "uuid": "b881fe1d-4e7b-4421-b5d9-ac24779b31ec",
          "title": "menu",
          "fullFile": "C:\\Users\\Usuario\\OneDrive\\Escritorio\\ing-sw-3-final\\ingsw3-final\\frontend\\navigation_test.js",
          "file": "\\navigation_test.js",
          "beforeHooks": [
            {
              "title": "\"before all\" hook: codeceptjs.beforeSuite in \"menu\"",
              "fullTitle": "menu \"before all\" hook: codeceptjs.beforeSuite in \"menu\"",
              "timedOut": false,
              "duration": 1183,
              "state": null,
              "speed": null,
              "pass": false,
              "fail": false,
              "pending": false,
              "context": null,
              "code": "scenario.suiteSetup(suite)",
              "err": {},
              "uuid": "02b17695-bd62-4570-8ad1-e5c26156bc1a",
              "parentUUID": "b881fe1d-4e7b-4421-b5d9-ac24779b31ec",
              "isHook": true,
              "skipped": false
            },
            {
              "title": "\"before each\" hook: codeceptjs.before in \"menu\"",
              "fullTitle": "menu \"before each\" hook: codeceptjs.before in \"menu\"",
              "timedOut": false,
              "duration": 1077,
              "state": null,
              "speed": null,
              "pass": false,
              "fail": false,
              "pending": false,
              "context": null,
              "code": "scenario.setup(suite)",
              "err": {},
              "uuid": "95378548-5bfe-43f8-b0af-3605b7e81b13",
              "parentUUID": "b881fe1d-4e7b-4421-b5d9-ac24779b31ec",
              "isHook": true,
              "skipped": false
            }
          ],
          "afterHooks": [
            {
              "title": "\"after all\" hook: codeceptjs.afterSuite in \"menu\"",
              "fullTitle": "menu \"after all\" hook: codeceptjs.afterSuite in \"menu\"",
              "timedOut": false,
              "duration": 0,
              "state": null,
              "speed": null,
              "pass": false,
              "fail": false,
              "pending": false,
              "context": null,
              "code": "scenario.suiteTeardown(suite)",
              "err": {},
              "uuid": "2745b185-a2af-4634-9e09-d101da2739d9",
              "parentUUID": "b881fe1d-4e7b-4421-b5d9-ac24779b31ec",
              "isHook": true,
              "skipped": false
            },
            {
              "title": "\"after each\" hook: finalize codeceptjs in \"menu\"",
              "fullTitle": "menu \"after each\" hook: finalize codeceptjs in \"menu\"",
              "timedOut": false,
              "duration": 1783,
              "state": null,
              "speed": null,
              "pass": false,
              "fail": false,
              "pending": false,
              "context": null,
              "code": "scenario.teardown(suite)",
              "err": {},
              "uuid": "b5e67b30-44bc-4cab-a513-494214f5087b",
              "parentUUID": "b881fe1d-4e7b-4421-b5d9-ac24779b31ec",
              "isHook": true,
              "skipped": false
            }
          ],
          "tests": [
            {
              "title": "should display menu products",
              "fullTitle": "menu: should display menu products",
              "timedOut": false,
              "duration": 1896,
              "state": "passed",
              "speed": "slow",
              "pass": true,
              "fail": false,
              "pending": false,
              "context": null,
              "code": "I }) => {\n  I.amOnPage('/');\n  I.see('FULL HOUSE');\n  I.see('RESTOBAR');\n  // Verificar que los productos se carguen y se muestren correctamente\n  I.seeElement('.product-card'); // Verificar que al menos un producto se muestra\n  I.seeNumberOfElements('.product-card', 4); // Verificar que hay 4 productos",
              "err": {},
              "uuid": "332c5d28-8fdb-4588-91a4-3de30cbabec3",
              "parentUUID": "b881fe1d-4e7b-4421-b5d9-ac24779b31ec",
              "isHook": false,
              "skipped": false
            }
          ],
          "suites": [],
          "passes": [
            "332c5d28-8fdb-4588-91a4-3de30cbabec3"
          ],
          "failures": [],
          "pending": [],
          "skipped": [],
          "duration": 1896,
          "root": false,
          "rootEmpty": false,
          "_timeout": 0
        }
      ],
      "passes": [],
      "failures": [],
      "pending": [],
      "skipped": [],
      "duration": 0,
      "root": true,
      "rootEmpty": true,
      "_timeout": 0
    }
  ],
  "meta": {
    "mocha": {
      "version": "10.2.0"
    },
    "mochawesome": {
      "options": {
        "quiet": false,
        "reportFilename": "mochawesome-report",
        "saveHtml": true,
        "saveJson": true,
        "consoleReporter": "spec",
        "useInlineDiffs": false,
        "code": true
      },
      "version": "7.1.3"
    },
    "marge": {
      "options": {
        "reportDir": "./output",
        "reportFilename": "mochawesome-report"
      },
      "version": "6.2.0"
    }
  }
}